C51 COMPILER V9.53.0.0   SW                                                                09/02/2024 11:10:07 PAGE 1   


C51 COMPILER V9.53.0.0, COMPILATION OF MODULE SW
OBJECT MODULE PLACED IN sw.OBJ
COMPILER INVOKED BY: C:\Keil_v5\C51\BIN\C51.EXE sw.c OPTIMIZE(8,SPEED) BROWSE DEBUG OBJECTEXTEND TABS(2)

line level    source

   1          #include<reg51.h>
   2          sbit sw=P1^0;
   3          void main()
   4          {
   5   1      while(1)
   6   1      {
   7   2      if(sw==0)
   8   2      {
   9   3      P2=0xFF;
  10   3      }
  11   2      else
  12   2      {
  13   3      P2=0x00;
  14   3      }
  15   2      }
  16   1      }


MODULE INFORMATION:   STATIC OVERLAYABLE
   CODE SIZE        =     13    ----
   CONSTANT SIZE    =   ----    ----
   XDATA SIZE       =   ----    ----
   PDATA SIZE       =   ----    ----
   DATA SIZE        =   ----    ----
   IDATA SIZE       =   ----    ----
   BIT SIZE         =   ----    ----
END OF MODULE INFORMATION.


C51 COMPILATION COMPLETE.  0 WARNING(S),  0 ERROR(S)
